{"/Users/zhongyuanjin/Sourcecode/generator-utils/src/flatten.ts": {"path":"/Users/zhongyuanjin/Sourcecode/generator-utils/src/flatten.ts","statementMap":{"0":{"start":{"line":6,"column":13},"end":{"line":18,"column":null}},"1":{"start":{"line":9,"column":2},"end":{"line":17,"column":null}},"2":{"start":{"line":11,"column":30},"end":{"line":11,"column":35}},"3":{"start":{"line":12,"column":6},"end":{"line":12,"column":null}},"4":{"start":{"line":13,"column":6},"end":{"line":15,"column":null}},"5":{"start":{"line":14,"column":8},"end":{"line":14,"column":null}}},"fnMap":{"0":{"name":"(anonymous_0)","decl":{"start":{"line":6,"column":23},"end":{"line":6,"column":null}},"loc":{"start":{"line":7,"column":28},"end":{"line":18,"column":1}}},"1":{"name":"(anonymous_1)","decl":{"start":{"line":10,"column":28},"end":{"line":10,"column":33}},"loc":{"start":{"line":10,"column":43},"end":{"line":16,"column":5}}}},"branchMap":{"0":{"loc":{"start":{"line":13,"column":6},"end":{"line":15,"column":null}},"type":"if","locations":[{"start":{"line":13,"column":6},"end":{"line":15,"column":null}},{"start":{"line":13,"column":6},"end":{"line":15,"column":null}}]}},"s":{"0":2,"1":3,"2":3,"3":3,"4":3,"5":2},"f":{"0":3,"1":3},"b":{"0":[2,1]}}
,"/Users/zhongyuanjin/Sourcecode/generator-utils/src/generate.ts": {"path":"/Users/zhongyuanjin/Sourcecode/generator-utils/src/generate.ts","statementMap":{"0":{"start":{"line":10,"column":13},"end":{"line":18,"column":null}},"1":{"start":{"line":13,"column":2},"end":{"line":17,"column":null}},"2":{"start":{"line":14,"column":4},"end":{"line":16,"column":null}},"3":{"start":{"line":14,"column":17},"end":{"line":14,"column":18}},"4":{"start":{"line":15,"column":6},"end":{"line":15,"column":null}}},"fnMap":{"0":{"name":"(anonymous_0)","decl":{"start":{"line":10,"column":24},"end":{"line":10,"column":null}},"loc":{"start":{"line":11,"column":54},"end":{"line":18,"column":1}}},"1":{"name":"(anonymous_1)","decl":{"start":{"line":13,"column":9},"end":{"line":13,"column":14}},"loc":{"start":{"line":13,"column":34},"end":{"line":17,"column":3}}}},"branchMap":{},"s":{"0":3,"1":2,"2":2,"3":2,"4":6},"f":{"0":2,"1":2},"b":{}}
,"/Users/zhongyuanjin/Sourcecode/generator-utils/src/index.ts": {"path":"/Users/zhongyuanjin/Sourcecode/generator-utils/src/index.ts","statementMap":{"0":{"start":{"line":1,"column":0},"end":{"line":1,"column":25}},"1":{"start":{"line":2,"column":0},"end":{"line":2,"column":26}},"2":{"start":{"line":3,"column":0},"end":{"line":3,"column":25}}},"fnMap":{},"branchMap":{},"s":{"0":2,"1":2,"2":2},"f":{},"b":{}}
,"/Users/zhongyuanjin/Sourcecode/generator-utils/src/iterate.ts": {"path":"/Users/zhongyuanjin/Sourcecode/generator-utils/src/iterate.ts","statementMap":{"0":{"start":{"line":21,"column":13},"end":{"line":33,"column":null}},"1":{"start":{"line":22,"column":2},"end":{"line":32,"column":null}},"2":{"start":{"line":23,"column":27},"end":{"line":23,"column":29}},"3":{"start":{"line":24,"column":16},"end":{"line":24,"column":18}},"4":{"start":{"line":25,"column":12},"end":{"line":25,"column":13}},"5":{"start":{"line":26,"column":4},"end":{"line":30,"column":null}},"6":{"start":{"line":27,"column":6},"end":{"line":27,"column":null}},"7":{"start":{"line":28,"column":6},"end":{"line":28,"column":null}},"8":{"start":{"line":29,"column":6},"end":{"line":29,"column":null}},"9":{"start":{"line":31,"column":4},"end":{"line":31,"column":null}},"10":{"start":{"line":41,"column":13},"end":{"line":53,"column":null}},"11":{"start":{"line":42,"column":2},"end":{"line":52,"column":null}},"12":{"start":{"line":43,"column":27},"end":{"line":43,"column":29}},"13":{"start":{"line":44,"column":16},"end":{"line":44,"column":18}},"14":{"start":{"line":45,"column":12},"end":{"line":45,"column":13}},"15":{"start":{"line":46,"column":4},"end":{"line":50,"column":null}},"16":{"start":{"line":47,"column":6},"end":{"line":47,"column":null}},"17":{"start":{"line":48,"column":6},"end":{"line":48,"column":null}},"18":{"start":{"line":49,"column":6},"end":{"line":49,"column":null}},"19":{"start":{"line":51,"column":4},"end":{"line":51,"column":null}}},"fnMap":{"0":{"name":"(anonymous_0)","decl":{"start":{"line":21,"column":23},"end":{"line":21,"column":36}},"loc":{"start":{"line":21,"column":64},"end":{"line":33,"column":1}}},"1":{"name":"(anonymous_1)","decl":{"start":{"line":22,"column":9},"end":{"line":22,"column":14}},"loc":{"start":{"line":22,"column":41},"end":{"line":32,"column":3}}},"2":{"name":"(anonymous_2)","decl":{"start":{"line":41,"column":27},"end":{"line":41,"column":40}},"loc":{"start":{"line":41,"column":68},"end":{"line":53,"column":1}}},"3":{"name":"(anonymous_3)","decl":{"start":{"line":42,"column":9},"end":{"line":42,"column":14}},"loc":{"start":{"line":42,"column":45},"end":{"line":52,"column":3}}}},"branchMap":{"0":{"loc":{"start":{"line":29,"column":6},"end":{"line":29,"column":10}},"type":"binary-expr","locations":[{"start":{"line":29,"column":6},"end":{"line":29,"column":10}},{"start":{"line":29,"column":15},"end":{"line":29,"column":37}}]},"1":{"loc":{"start":{"line":31,"column":4},"end":{"line":31,"column":8}},"type":"binary-expr","locations":[{"start":{"line":31,"column":4},"end":{"line":31,"column":8}},{"start":{"line":31,"column":13},"end":{"line":31,"column":30}}]},"2":{"loc":{"start":{"line":49,"column":6},"end":{"line":49,"column":10}},"type":"binary-expr","locations":[{"start":{"line":49,"column":6},"end":{"line":49,"column":10}},{"start":{"line":49,"column":14},"end":{"line":49,"column":30}}]},"3":{"loc":{"start":{"line":51,"column":4},"end":{"line":51,"column":8}},"type":"binary-expr","locations":[{"start":{"line":51,"column":4},"end":{"line":51,"column":8}},{"start":{"line":51,"column":12},"end":{"line":51,"column":23}}]}},"s":{"0":2,"1":3,"2":3,"3":3,"4":3,"5":3,"6":9,"7":9,"8":9,"9":3,"10":2,"11":3,"12":3,"13":3,"14":3,"15":3,"16":9,"17":9,"18":9,"19":3},"f":{"0":3,"1":3,"2":3,"3":3},"b":{"0":[9,3],"1":[3,2],"2":[9,3],"3":[3,2]}}
}
