TN:
SF:src/flatten.ts
FN:6,(anonymous_0)
FN:10,(anonymous_1)
FNF:2
FNH:2
FNDA:3,(anonymous_0)
FNDA:3,(anonymous_1)
DA:6,2
DA:9,3
DA:11,3
DA:12,3
DA:13,3
DA:14,2
LF:6
LH:6
BRDA:13,0,0,2
BRDA:13,0,1,1
BRF:2
BRH:2
end_of_record
TN:
SF:src/generate.ts
FN:10,(anonymous_0)
FN:13,(anonymous_1)
FNF:2
FNH:2
FNDA:2,(anonymous_0)
FNDA:2,(anonymous_1)
DA:10,3
DA:13,2
DA:14,2
DA:15,6
LF:4
LH:4
BRF:0
BRH:0
end_of_record
TN:
SF:src/index.ts
FNF:0
FNH:0
DA:1,2
DA:2,2
DA:3,2
LF:3
LH:3
BRF:0
BRH:0
end_of_record
TN:
SF:src/iterate.ts
FN:21,(anonymous_0)
FN:22,(anonymous_1)
FN:41,(anonymous_2)
FN:42,(anonymous_3)
FNF:4
FNH:4
FNDA:3,(anonymous_0)
FNDA:3,(anonymous_1)
FNDA:3,(anonymous_2)
FNDA:3,(anonymous_3)
DA:21,2
DA:22,3
DA:23,3
DA:24,3
DA:25,3
DA:26,3
DA:27,9
DA:28,9
DA:29,9
DA:31,3
DA:41,2
DA:42,3
DA:43,3
DA:44,3
DA:45,3
DA:46,3
DA:47,9
DA:48,9
DA:49,9
DA:51,3
LF:20
LH:20
BRDA:29,0,0,9
BRDA:29,0,1,3
BRDA:31,1,0,3
BRDA:31,1,1,2
BRDA:49,2,0,9
BRDA:49,2,1,3
BRDA:51,3,0,3
BRDA:51,3,1,2
BRF:8
BRH:8
end_of_record
